<?xml version="1.0" encoding="UTF-8"?>
<!-- Generated by org.testng.reporters.JUnitReportReporter -->
<testsuite hostname="Sarvesh777" failures="0" tests="1" name="CucumberOptions.TestNgRunner" time="0.088" errors="0" timestamp="2023-11-20T17:35:03 IST" skipped="0">
  <testcase classname="CucumberOptions.TestNgRunner" name="runScenario" time="0.088"/>
</testsuite> <!-- CucumberOptions.TestNgRunner -->
